<?xml version="1.0" encoding="UTF-8"?>
<testng-results ignored="0" total="0" passed="0" failed="0" skipped="0">
  <reporter-output>
  </reporter-output>
  <suite started-at="2024-09-08T16:38:00 IST" name="Suite" finished-at="2024-09-08T16:38:00 IST" duration-ms="105">
    <groups>
    </groups>
    <test started-at="2024-09-08T16:38:00 IST" name="Test1" finished-at="2024-09-08T16:38:00 IST" duration-ms="24">
    </test> <!-- Test1 -->
    <test started-at="2024-09-08T16:38:00 IST" name="Test2" finished-at="2024-09-08T16:38:00 IST" duration-ms="2">
    </test> <!-- Test2 -->
    <test started-at="2024-09-08T16:38:00 IST" name="Test3" finished-at="2024-09-08T16:38:00 IST" duration-ms="1">
    </test> <!-- Test3 -->
  </suite> <!-- Suite -->
</testng-results>
